14:56:51 DEBUG : Logs will be stored at '/home/rohitmathurs/workspace/IDE.log'.
14:56:54 INFO  : Launching XSCT server: xsct -n  -interactive /home/rohitmathurs/workspace/temp_xsdb_launch_script.tcl
14:56:54 INFO  : Registering command handlers for Vitis TCF services
14:56:57 INFO  : Platform repository initialization has completed.
14:57:00 INFO  : XSCT server has started successfully.
14:57:00 INFO  : plnx-install-location is set to ''
14:57:00 INFO  : Successfully done setting XSCT server connection channel  
14:57:00 INFO  : Successfully done query RDI_DATADIR 
14:57:00 INFO  : Successfully done setting workspace for the tool. 
15:02:09 INFO  : Result from executing command 'getProjects': design_1_wrapper
15:02:09 INFO  : Result from executing command 'getPlatforms': xilinx_vck190_base_202210_1|/home/Xilinx/Vitis/2022.1/base_platforms/xilinx_vck190_base_202210_1/xilinx_vck190_base_202210_1.xpfm;xilinx_vck190_base_dfx_202210_1|/home/Xilinx/Vitis/2022.1/base_platforms/xilinx_vck190_base_dfx_202210_1/xilinx_vck190_base_dfx_202210_1.xpfm;xilinx_vmk180_base_202210_1|/home/Xilinx/Vitis/2022.1/base_platforms/xilinx_vmk180_base_202210_1/xilinx_vmk180_base_202210_1.xpfm;xilinx_zcu102_base_202210_1|/home/Xilinx/Vitis/2022.1/base_platforms/xilinx_zcu102_base_202210_1/xilinx_zcu102_base_202210_1.xpfm;xilinx_zcu102_base_dfx_202210_1|/home/Xilinx/Vitis/2022.1/base_platforms/xilinx_zcu102_base_dfx_202210_1/xilinx_zcu102_base_dfx_202210_1.xpfm;xilinx_zcu104_base_202210_1|/home/Xilinx/Vitis/2022.1/base_platforms/xilinx_zcu104_base_202210_1/xilinx_zcu104_base_202210_1.xpfm
15:02:10 WARN  : An unexpected exception occurred in the module 'platform project logging'
15:02:11 INFO  : Platform 'design_1_wrapper' is added to custom repositories.
15:02:27 INFO  : Platform 'design_1_wrapper' is added to custom repositories.
15:05:44 INFO  : Result from executing command 'getProjects': design_1_wrapper
15:05:44 INFO  : Result from executing command 'getPlatforms': design_1_wrapper|/home/rohitmathurs/workspace/design_1_wrapper/export/design_1_wrapper/design_1_wrapper.xpfm;xilinx_vck190_base_202210_1|/home/Xilinx/Vitis/2022.1/base_platforms/xilinx_vck190_base_202210_1/xilinx_vck190_base_202210_1.xpfm;xilinx_vck190_base_dfx_202210_1|/home/Xilinx/Vitis/2022.1/base_platforms/xilinx_vck190_base_dfx_202210_1/xilinx_vck190_base_dfx_202210_1.xpfm;xilinx_vmk180_base_202210_1|/home/Xilinx/Vitis/2022.1/base_platforms/xilinx_vmk180_base_202210_1/xilinx_vmk180_base_202210_1.xpfm;xilinx_zcu102_base_202210_1|/home/Xilinx/Vitis/2022.1/base_platforms/xilinx_zcu102_base_202210_1/xilinx_zcu102_base_202210_1.xpfm;xilinx_zcu102_base_dfx_202210_1|/home/Xilinx/Vitis/2022.1/base_platforms/xilinx_zcu102_base_dfx_202210_1/xilinx_zcu102_base_dfx_202210_1.xpfm;xilinx_zcu104_base_202210_1|/home/Xilinx/Vitis/2022.1/base_platforms/xilinx_zcu104_base_202210_1/xilinx_zcu104_base_202210_1.xpfm
15:05:48 INFO  : Checking for BSP changes to sync application flags for project 'application'...
15:26:06 INFO  : Connected to target on host '127.0.0.1' and port '3121'.
15:26:06 INFO  : 'targets -set -filter {jtag_cable_name =~ "Xilinx TUL 1234-tulA" && level==0 && jtag_device_ctx=="jsn-TUL-1234-tulA-23727093-0"}' command is executed.
15:26:09 INFO  : Device configured successfully with "/home/rohitmathurs/workspace/application/_ide/bitstream/design_1_wrapper.bit"
15:28:35 INFO  : Connected to target on host '127.0.0.1' and port '3121'.
15:28:35 INFO  : 'targets -set -filter {jtag_cable_name =~ "Xilinx TUL 1234-tulA" && level==0 && jtag_device_ctx=="jsn-TUL-1234-tulA-23727093-0"}' command is executed.
15:28:38 INFO  : Device configured successfully with "/home/rohitmathurs/workspace/application/_ide/bitstream/design_1_wrapper.bit"
15:31:32 INFO  : Connected to target on host '127.0.0.1' and port '3121'.
15:32:03 INFO  : Connected to target on host '127.0.0.1' and port '3121'.
15:32:03 INFO  : 'targets -set -filter {jtag_cable_name =~ "Xilinx TUL 1234-tulA" && level==0 && jtag_device_ctx=="jsn-TUL-1234-tulA-23727093-0"}' command is executed.
15:32:05 INFO  : Device configured successfully with "/home/rohitmathurs/workspace/application/_ide/bitstream/design_1_wrapper.bit"
15:34:25 INFO  : Connected to target on host '127.0.0.1' and port '3121'.
15:34:25 INFO  : Jtag cable 'Xilinx TUL 1234-tulA' is selected.
15:34:25 INFO  : 'jtag frequency' command is executed.
15:34:25 INFO  : Context for 'APU' is selected.
15:34:25 INFO  : System reset is completed.
15:34:28 INFO  : 'after 3000' command is executed.
15:34:29 INFO  : 'targets -set -filter {jtag_cable_name =~ "Xilinx TUL 1234-tulA" && level==0 && jtag_device_ctx=="jsn-TUL-1234-tulA-23727093-0"}' command is executed.
15:34:31 INFO  : Device configured successfully with "/home/rohitmathurs/workspace/application/_ide/bitstream/design_1_wrapper.bit"
15:34:31 INFO  : Context for 'APU' is selected.
15:34:31 INFO  : Hardware design and registers information is loaded from '/home/rohitmathurs/workspace/design_1_wrapper/export/design_1_wrapper/hw/design_1_wrapper.xsa'.
15:34:31 INFO  : 'configparams force-mem-access 1' command is executed.
15:34:31 INFO  : Context for 'APU' is selected.
15:34:31 INFO  : Sourcing of '/home/rohitmathurs/workspace/application/_ide/psinit/ps7_init.tcl' is done.
15:34:32 INFO  : 'ps7_init' command is executed.
15:34:32 INFO  : 'ps7_post_config' command is executed.
15:34:32 INFO  : Context for processor 'ps7_cortexa9_0' is selected.
15:34:32 INFO  : The application '/home/rohitmathurs/workspace/application/Debug/application.elf' is downloaded to processor 'ps7_cortexa9_0'.
15:34:32 INFO  : 'configparams force-mem-access 0' command is executed.
15:34:32 INFO  : ----------------XSDB Script----------------
connect -url tcp:127.0.0.1:3121
targets -set -nocase -filter {name =~"APU*"}
rst -system
after 3000
targets -set -filter {jtag_cable_name =~ "Xilinx TUL 1234-tulA" && level==0 && jtag_device_ctx=="jsn-TUL-1234-tulA-23727093-0"}
fpga -file /home/rohitmathurs/workspace/application/_ide/bitstream/design_1_wrapper.bit
targets -set -nocase -filter {name =~"APU*"}
loadhw -hw /home/rohitmathurs/workspace/design_1_wrapper/export/design_1_wrapper/hw/design_1_wrapper.xsa -mem-ranges [list {0x40000000 0xbfffffff}] -regs
configparams force-mem-access 1
targets -set -nocase -filter {name =~"APU*"}
source /home/rohitmathurs/workspace/application/_ide/psinit/ps7_init.tcl
ps7_init
ps7_post_config
targets -set -nocase -filter {name =~ "*A9*#0"}
dow /home/rohitmathurs/workspace/application/Debug/application.elf
configparams force-mem-access 0
----------------End of Script----------------

15:34:32 INFO  : Context for processor 'ps7_cortexa9_0' is selected.
15:34:32 INFO  : 'con' command is executed.
15:34:32 INFO  : ----------------XSDB Script (After Launch)----------------
targets -set -nocase -filter {name =~ "*A9*#0"}
con
----------------End of Script----------------

15:34:32 INFO  : Launch script is exported to file '/home/rohitmathurs/workspace/application_system/_ide/scripts/systemdebugger_application_system_standalone.tcl'
15:35:04 INFO  : Disconnected from the channel tcfchan#3.
15:35:04 INFO  : Connected to target on host '127.0.0.1' and port '3121'.
15:35:04 INFO  : Jtag cable 'Xilinx TUL 1234-tulA' is selected.
15:35:04 INFO  : 'jtag frequency' command is executed.
15:35:04 INFO  : Context for 'APU' is selected.
15:35:04 INFO  : System reset is completed.
15:35:07 INFO  : 'after 3000' command is executed.
15:35:07 INFO  : 'targets -set -filter {jtag_cable_name =~ "Xilinx TUL 1234-tulA" && level==0 && jtag_device_ctx=="jsn-TUL-1234-tulA-23727093-0"}' command is executed.
15:35:09 INFO  : Device configured successfully with "/home/rohitmathurs/workspace/application/_ide/bitstream/design_1_wrapper.bit"
15:35:09 INFO  : Context for 'APU' is selected.
15:35:09 INFO  : Hardware design and registers information is loaded from '/home/rohitmathurs/workspace/design_1_wrapper/export/design_1_wrapper/hw/design_1_wrapper.xsa'.
15:35:09 INFO  : 'configparams force-mem-access 1' command is executed.
15:35:09 INFO  : Context for 'APU' is selected.
15:35:09 INFO  : Sourcing of '/home/rohitmathurs/workspace/application/_ide/psinit/ps7_init.tcl' is done.
15:35:10 INFO  : 'ps7_init' command is executed.
15:35:10 INFO  : 'ps7_post_config' command is executed.
15:35:10 INFO  : Context for processor 'ps7_cortexa9_0' is selected.
15:35:10 INFO  : The application '/home/rohitmathurs/workspace/application/Debug/application.elf' is downloaded to processor 'ps7_cortexa9_0'.
15:35:10 INFO  : 'configparams force-mem-access 0' command is executed.
15:35:10 INFO  : ----------------XSDB Script----------------
connect -url tcp:127.0.0.1:3121
targets -set -nocase -filter {name =~"APU*"}
rst -system
after 3000
targets -set -filter {jtag_cable_name =~ "Xilinx TUL 1234-tulA" && level==0 && jtag_device_ctx=="jsn-TUL-1234-tulA-23727093-0"}
fpga -file /home/rohitmathurs/workspace/application/_ide/bitstream/design_1_wrapper.bit
targets -set -nocase -filter {name =~"APU*"}
loadhw -hw /home/rohitmathurs/workspace/design_1_wrapper/export/design_1_wrapper/hw/design_1_wrapper.xsa -mem-ranges [list {0x40000000 0xbfffffff}] -regs
configparams force-mem-access 1
targets -set -nocase -filter {name =~"APU*"}
source /home/rohitmathurs/workspace/application/_ide/psinit/ps7_init.tcl
ps7_init
ps7_post_config
targets -set -nocase -filter {name =~ "*A9*#0"}
dow /home/rohitmathurs/workspace/application/Debug/application.elf
configparams force-mem-access 0
----------------End of Script----------------

15:35:10 INFO  : Context for processor 'ps7_cortexa9_0' is selected.
15:35:10 INFO  : 'con' command is executed.
15:35:10 INFO  : ----------------XSDB Script (After Launch)----------------
targets -set -nocase -filter {name =~ "*A9*#0"}
con
----------------End of Script----------------

15:35:10 INFO  : Launch script is exported to file '/home/rohitmathurs/workspace/application_system/_ide/scripts/systemdebugger_application_system_standalone.tcl'
15:35:28 INFO  : Disconnected from the channel tcfchan#4.
15:35:28 INFO  : Connected to target on host '127.0.0.1' and port '3121'.
15:35:28 INFO  : Jtag cable 'Xilinx TUL 1234-tulA' is selected.
15:35:28 INFO  : 'jtag frequency' command is executed.
15:35:28 INFO  : Context for 'APU' is selected.
15:35:28 INFO  : System reset is completed.
15:35:31 INFO  : 'after 3000' command is executed.
15:35:31 INFO  : 'targets -set -filter {jtag_cable_name =~ "Xilinx TUL 1234-tulA" && level==0 && jtag_device_ctx=="jsn-TUL-1234-tulA-23727093-0"}' command is executed.
15:35:33 INFO  : Device configured successfully with "/home/rohitmathurs/workspace/application/_ide/bitstream/design_1_wrapper.bit"
15:35:33 INFO  : Context for 'APU' is selected.
15:35:33 INFO  : Hardware design and registers information is loaded from '/home/rohitmathurs/workspace/design_1_wrapper/export/design_1_wrapper/hw/design_1_wrapper.xsa'.
15:35:33 INFO  : 'configparams force-mem-access 1' command is executed.
15:35:33 INFO  : Context for 'APU' is selected.
15:35:33 INFO  : Sourcing of '/home/rohitmathurs/workspace/application/_ide/psinit/ps7_init.tcl' is done.
15:35:34 INFO  : 'ps7_init' command is executed.
15:35:34 INFO  : 'ps7_post_config' command is executed.
15:35:34 INFO  : Context for processor 'ps7_cortexa9_0' is selected.
15:35:34 INFO  : The application '/home/rohitmathurs/workspace/application/Debug/application.elf' is downloaded to processor 'ps7_cortexa9_0'.
15:35:34 INFO  : 'configparams force-mem-access 0' command is executed.
15:35:34 INFO  : ----------------XSDB Script----------------
connect -url tcp:127.0.0.1:3121
targets -set -nocase -filter {name =~"APU*"}
rst -system
after 3000
targets -set -filter {jtag_cable_name =~ "Xilinx TUL 1234-tulA" && level==0 && jtag_device_ctx=="jsn-TUL-1234-tulA-23727093-0"}
fpga -file /home/rohitmathurs/workspace/application/_ide/bitstream/design_1_wrapper.bit
targets -set -nocase -filter {name =~"APU*"}
loadhw -hw /home/rohitmathurs/workspace/design_1_wrapper/export/design_1_wrapper/hw/design_1_wrapper.xsa -mem-ranges [list {0x40000000 0xbfffffff}] -regs
configparams force-mem-access 1
targets -set -nocase -filter {name =~"APU*"}
source /home/rohitmathurs/workspace/application/_ide/psinit/ps7_init.tcl
ps7_init
ps7_post_config
targets -set -nocase -filter {name =~ "*A9*#0"}
dow /home/rohitmathurs/workspace/application/Debug/application.elf
configparams force-mem-access 0
----------------End of Script----------------

15:35:34 INFO  : Context for processor 'ps7_cortexa9_0' is selected.
15:35:34 INFO  : 'con' command is executed.
15:35:34 INFO  : ----------------XSDB Script (After Launch)----------------
targets -set -nocase -filter {name =~ "*A9*#0"}
con
----------------End of Script----------------

15:35:34 INFO  : Launch script is exported to file '/home/rohitmathurs/workspace/application_system/_ide/scripts/systemdebugger_application_system_standalone.tcl'
15:37:04 INFO  : Disconnected from the channel tcfchan#5.
15:37:04 INFO  : Connected to target on host '127.0.0.1' and port '3121'.
15:37:05 INFO  : Jtag cable 'Xilinx TUL 1234-tulA' is selected.
15:37:05 INFO  : 'jtag frequency' command is executed.
15:37:05 INFO  : Context for 'APU' is selected.
15:37:05 INFO  : System reset is completed.
15:37:08 INFO  : 'after 3000' command is executed.
15:37:08 INFO  : 'targets -set -filter {jtag_cable_name =~ "Xilinx TUL 1234-tulA" && level==0 && jtag_device_ctx=="jsn-TUL-1234-tulA-23727093-0"}' command is executed.
15:37:10 INFO  : Device configured successfully with "/home/rohitmathurs/workspace/application/_ide/bitstream/design_1_wrapper.bit"
15:37:10 INFO  : Context for 'APU' is selected.
15:37:10 INFO  : Hardware design and registers information is loaded from '/home/rohitmathurs/workspace/design_1_wrapper/export/design_1_wrapper/hw/design_1_wrapper.xsa'.
15:37:10 INFO  : 'configparams force-mem-access 1' command is executed.
15:37:10 INFO  : Context for 'APU' is selected.
15:37:10 INFO  : Sourcing of '/home/rohitmathurs/workspace/application/_ide/psinit/ps7_init.tcl' is done.
15:37:10 INFO  : 'ps7_init' command is executed.
15:37:10 INFO  : 'ps7_post_config' command is executed.
15:37:10 INFO  : Context for processor 'ps7_cortexa9_0' is selected.
15:37:11 INFO  : The application '/home/rohitmathurs/workspace/application/Debug/application.elf' is downloaded to processor 'ps7_cortexa9_0'.
15:37:11 INFO  : 'configparams force-mem-access 0' command is executed.
15:37:11 INFO  : ----------------XSDB Script----------------
connect -url tcp:127.0.0.1:3121
targets -set -nocase -filter {name =~"APU*"}
rst -system
after 3000
targets -set -filter {jtag_cable_name =~ "Xilinx TUL 1234-tulA" && level==0 && jtag_device_ctx=="jsn-TUL-1234-tulA-23727093-0"}
fpga -file /home/rohitmathurs/workspace/application/_ide/bitstream/design_1_wrapper.bit
targets -set -nocase -filter {name =~"APU*"}
loadhw -hw /home/rohitmathurs/workspace/design_1_wrapper/export/design_1_wrapper/hw/design_1_wrapper.xsa -mem-ranges [list {0x40000000 0xbfffffff}] -regs
configparams force-mem-access 1
targets -set -nocase -filter {name =~"APU*"}
source /home/rohitmathurs/workspace/application/_ide/psinit/ps7_init.tcl
ps7_init
ps7_post_config
targets -set -nocase -filter {name =~ "*A9*#0"}
dow /home/rohitmathurs/workspace/application/Debug/application.elf
configparams force-mem-access 0
----------------End of Script----------------

15:37:11 INFO  : Context for processor 'ps7_cortexa9_0' is selected.
15:37:11 INFO  : 'con' command is executed.
15:37:11 INFO  : ----------------XSDB Script (After Launch)----------------
targets -set -nocase -filter {name =~ "*A9*#0"}
con
----------------End of Script----------------

15:37:11 INFO  : Launch script is exported to file '/home/rohitmathurs/workspace/application_system/_ide/scripts/systemdebugger_application_system_standalone.tcl'
15:37:13 INFO  : Disconnected from the channel tcfchan#6.
15:37:14 INFO  : Connected to target on host '127.0.0.1' and port '3121'.
15:37:14 INFO  : Jtag cable 'Xilinx TUL 1234-tulA' is selected.
15:37:14 INFO  : 'jtag frequency' command is executed.
15:37:14 INFO  : Context for 'APU' is selected.
15:37:14 INFO  : System reset is completed.
15:37:17 INFO  : 'after 3000' command is executed.
15:37:17 INFO  : 'targets -set -filter {jtag_cable_name =~ "Xilinx TUL 1234-tulA" && level==0 && jtag_device_ctx=="jsn-TUL-1234-tulA-23727093-0"}' command is executed.
15:37:19 INFO  : Device configured successfully with "/home/rohitmathurs/workspace/application/_ide/bitstream/design_1_wrapper.bit"
15:37:19 INFO  : Context for 'APU' is selected.
15:37:19 INFO  : Hardware design and registers information is loaded from '/home/rohitmathurs/workspace/design_1_wrapper/export/design_1_wrapper/hw/design_1_wrapper.xsa'.
15:37:19 INFO  : 'configparams force-mem-access 1' command is executed.
15:37:19 INFO  : Context for 'APU' is selected.
15:37:19 INFO  : Sourcing of '/home/rohitmathurs/workspace/application/_ide/psinit/ps7_init.tcl' is done.
15:37:20 INFO  : 'ps7_init' command is executed.
15:37:20 INFO  : 'ps7_post_config' command is executed.
15:37:20 INFO  : Context for processor 'ps7_cortexa9_0' is selected.
15:37:20 INFO  : The application '/home/rohitmathurs/workspace/application/Debug/application.elf' is downloaded to processor 'ps7_cortexa9_0'.
15:37:20 INFO  : 'configparams force-mem-access 0' command is executed.
15:37:20 INFO  : ----------------XSDB Script----------------
connect -url tcp:127.0.0.1:3121
targets -set -nocase -filter {name =~"APU*"}
rst -system
after 3000
targets -set -filter {jtag_cable_name =~ "Xilinx TUL 1234-tulA" && level==0 && jtag_device_ctx=="jsn-TUL-1234-tulA-23727093-0"}
fpga -file /home/rohitmathurs/workspace/application/_ide/bitstream/design_1_wrapper.bit
targets -set -nocase -filter {name =~"APU*"}
loadhw -hw /home/rohitmathurs/workspace/design_1_wrapper/export/design_1_wrapper/hw/design_1_wrapper.xsa -mem-ranges [list {0x40000000 0xbfffffff}] -regs
configparams force-mem-access 1
targets -set -nocase -filter {name =~"APU*"}
source /home/rohitmathurs/workspace/application/_ide/psinit/ps7_init.tcl
ps7_init
ps7_post_config
targets -set -nocase -filter {name =~ "*A9*#0"}
dow /home/rohitmathurs/workspace/application/Debug/application.elf
configparams force-mem-access 0
----------------End of Script----------------

15:37:20 INFO  : Context for processor 'ps7_cortexa9_0' is selected.
15:37:20 INFO  : 'con' command is executed.
15:37:20 INFO  : ----------------XSDB Script (After Launch)----------------
targets -set -nocase -filter {name =~ "*A9*#0"}
con
----------------End of Script----------------

15:37:20 INFO  : Launch script is exported to file '/home/rohitmathurs/workspace/application_system/_ide/scripts/systemdebugger_application_system_standalone.tcl'
15:38:08 INFO  : Disconnected from the channel tcfchan#7.
15:38:08 INFO  : Connected to target on host '127.0.0.1' and port '3121'.
15:38:09 INFO  : Jtag cable 'Xilinx TUL 1234-tulA' is selected.
15:38:09 INFO  : 'jtag frequency' command is executed.
15:38:09 INFO  : Context for 'APU' is selected.
15:38:09 INFO  : System reset is completed.
15:38:12 INFO  : 'after 3000' command is executed.
15:38:12 INFO  : 'targets -set -filter {jtag_cable_name =~ "Xilinx TUL 1234-tulA" && level==0 && jtag_device_ctx=="jsn-TUL-1234-tulA-23727093-0"}' command is executed.
15:38:14 INFO  : Device configured successfully with "/home/rohitmathurs/workspace/application/_ide/bitstream/design_1_wrapper.bit"
15:38:14 INFO  : Context for 'APU' is selected.
15:38:14 INFO  : Hardware design and registers information is loaded from '/home/rohitmathurs/workspace/design_1_wrapper/export/design_1_wrapper/hw/design_1_wrapper.xsa'.
15:38:14 INFO  : 'configparams force-mem-access 1' command is executed.
15:38:14 INFO  : Context for 'APU' is selected.
15:38:14 INFO  : Sourcing of '/home/rohitmathurs/workspace/application/_ide/psinit/ps7_init.tcl' is done.
15:38:15 INFO  : 'ps7_init' command is executed.
15:38:15 INFO  : 'ps7_post_config' command is executed.
15:38:15 INFO  : Context for processor 'ps7_cortexa9_0' is selected.
15:38:15 INFO  : The application '/home/rohitmathurs/workspace/application/Debug/application.elf' is downloaded to processor 'ps7_cortexa9_0'.
15:38:15 INFO  : 'configparams force-mem-access 0' command is executed.
15:38:15 INFO  : ----------------XSDB Script----------------
connect -url tcp:127.0.0.1:3121
targets -set -nocase -filter {name =~"APU*"}
rst -system
after 3000
targets -set -filter {jtag_cable_name =~ "Xilinx TUL 1234-tulA" && level==0 && jtag_device_ctx=="jsn-TUL-1234-tulA-23727093-0"}
fpga -file /home/rohitmathurs/workspace/application/_ide/bitstream/design_1_wrapper.bit
targets -set -nocase -filter {name =~"APU*"}
loadhw -hw /home/rohitmathurs/workspace/design_1_wrapper/export/design_1_wrapper/hw/design_1_wrapper.xsa -mem-ranges [list {0x40000000 0xbfffffff}] -regs
configparams force-mem-access 1
targets -set -nocase -filter {name =~"APU*"}
source /home/rohitmathurs/workspace/application/_ide/psinit/ps7_init.tcl
ps7_init
ps7_post_config
targets -set -nocase -filter {name =~ "*A9*#0"}
dow /home/rohitmathurs/workspace/application/Debug/application.elf
configparams force-mem-access 0
----------------End of Script----------------

15:38:15 INFO  : Context for processor 'ps7_cortexa9_0' is selected.
15:38:15 INFO  : 'con' command is executed.
15:38:15 INFO  : ----------------XSDB Script (After Launch)----------------
targets -set -nocase -filter {name =~ "*A9*#0"}
con
----------------End of Script----------------

15:38:15 INFO  : Launch script is exported to file '/home/rohitmathurs/workspace/application_system/_ide/scripts/systemdebugger_application_system_standalone.tcl'
15:38:29 INFO  : Disconnected from the channel tcfchan#8.
15:38:29 INFO  : Connected to target on host '127.0.0.1' and port '3121'.
15:38:29 INFO  : Jtag cable 'Xilinx TUL 1234-tulA' is selected.
15:38:29 INFO  : 'jtag frequency' command is executed.
15:38:29 INFO  : Context for 'APU' is selected.
15:38:29 INFO  : System reset is completed.
15:38:32 INFO  : 'after 3000' command is executed.
15:38:32 INFO  : 'targets -set -filter {jtag_cable_name =~ "Xilinx TUL 1234-tulA" && level==0 && jtag_device_ctx=="jsn-TUL-1234-tulA-23727093-0"}' command is executed.
15:38:34 INFO  : Device configured successfully with "/home/rohitmathurs/workspace/application/_ide/bitstream/design_1_wrapper.bit"
15:38:34 INFO  : Context for 'APU' is selected.
15:38:35 INFO  : Hardware design and registers information is loaded from '/home/rohitmathurs/workspace/design_1_wrapper/export/design_1_wrapper/hw/design_1_wrapper.xsa'.
15:38:35 INFO  : 'configparams force-mem-access 1' command is executed.
15:38:35 INFO  : Context for 'APU' is selected.
15:38:35 INFO  : Sourcing of '/home/rohitmathurs/workspace/application/_ide/psinit/ps7_init.tcl' is done.
15:38:35 INFO  : 'ps7_init' command is executed.
15:38:35 INFO  : 'ps7_post_config' command is executed.
15:38:35 INFO  : Context for processor 'ps7_cortexa9_0' is selected.
15:38:35 INFO  : The application '/home/rohitmathurs/workspace/application/Debug/application.elf' is downloaded to processor 'ps7_cortexa9_0'.
15:38:35 INFO  : 'configparams force-mem-access 0' command is executed.
15:38:35 INFO  : ----------------XSDB Script----------------
connect -url tcp:127.0.0.1:3121
targets -set -nocase -filter {name =~"APU*"}
rst -system
after 3000
targets -set -filter {jtag_cable_name =~ "Xilinx TUL 1234-tulA" && level==0 && jtag_device_ctx=="jsn-TUL-1234-tulA-23727093-0"}
fpga -file /home/rohitmathurs/workspace/application/_ide/bitstream/design_1_wrapper.bit
targets -set -nocase -filter {name =~"APU*"}
loadhw -hw /home/rohitmathurs/workspace/design_1_wrapper/export/design_1_wrapper/hw/design_1_wrapper.xsa -mem-ranges [list {0x40000000 0xbfffffff}] -regs
configparams force-mem-access 1
targets -set -nocase -filter {name =~"APU*"}
source /home/rohitmathurs/workspace/application/_ide/psinit/ps7_init.tcl
ps7_init
ps7_post_config
targets -set -nocase -filter {name =~ "*A9*#0"}
dow /home/rohitmathurs/workspace/application/Debug/application.elf
configparams force-mem-access 0
----------------End of Script----------------

15:38:35 INFO  : Context for processor 'ps7_cortexa9_0' is selected.
15:38:35 INFO  : 'con' command is executed.
15:38:35 INFO  : ----------------XSDB Script (After Launch)----------------
targets -set -nocase -filter {name =~ "*A9*#0"}
con
----------------End of Script----------------

15:38:35 INFO  : Launch script is exported to file '/home/rohitmathurs/workspace/application_system/_ide/scripts/systemdebugger_application_system_standalone.tcl'
15:38:48 INFO  : Disconnected from the channel tcfchan#9.
15:38:49 INFO  : Connected to target on host '127.0.0.1' and port '3121'.
15:38:59 INFO  : ----------------XSDB Script----------------
connect -url tcp:127.0.0.1:3121
----------------End of Script----------------

15:38:59 ERROR : Could not find FPGA device on the board for connection 'Local'.


Troubleshooting hints:
1. Check whether board is connected to system properly.
2. In case of zynq board, check whether Digilent/Xilinx cable switch settings are correct.
3. If you are using Xilinx Platform Cable USB, ensure that status LED is green.
15:39:04 INFO  : Connected to target on host '127.0.0.1' and port '3121'.
15:39:04 INFO  : Jtag cable 'Xilinx TUL 1234-tulA' is selected.
15:39:04 INFO  : 'jtag frequency' command is executed.
15:39:04 INFO  : Context for 'APU' is selected.
15:39:04 INFO  : System reset is completed.
15:39:07 INFO  : 'after 3000' command is executed.
15:39:07 INFO  : 'targets -set -filter {jtag_cable_name =~ "Xilinx TUL 1234-tulA" && level==0 && jtag_device_ctx=="jsn-TUL-1234-tulA-23727093-0"}' command is executed.
15:39:10 INFO  : Device configured successfully with "/home/rohitmathurs/workspace/application/_ide/bitstream/design_1_wrapper.bit"
15:39:10 INFO  : Context for 'APU' is selected.
15:39:10 INFO  : Hardware design and registers information is loaded from '/home/rohitmathurs/workspace/design_1_wrapper/export/design_1_wrapper/hw/design_1_wrapper.xsa'.
15:39:10 INFO  : 'configparams force-mem-access 1' command is executed.
15:39:10 INFO  : Context for 'APU' is selected.
15:39:10 INFO  : Sourcing of '/home/rohitmathurs/workspace/application/_ide/psinit/ps7_init.tcl' is done.
15:39:10 INFO  : 'ps7_init' command is executed.
15:39:10 INFO  : 'ps7_post_config' command is executed.
15:39:10 INFO  : Context for processor 'ps7_cortexa9_0' is selected.
15:39:10 INFO  : The application '/home/rohitmathurs/workspace/application/Debug/application.elf' is downloaded to processor 'ps7_cortexa9_0'.
15:39:10 INFO  : 'configparams force-mem-access 0' command is executed.
15:39:10 INFO  : ----------------XSDB Script----------------
connect -url tcp:127.0.0.1:3121
targets -set -nocase -filter {name =~"APU*"}
rst -system
after 3000
targets -set -filter {jtag_cable_name =~ "Xilinx TUL 1234-tulA" && level==0 && jtag_device_ctx=="jsn-TUL-1234-tulA-23727093-0"}
fpga -file /home/rohitmathurs/workspace/application/_ide/bitstream/design_1_wrapper.bit
targets -set -nocase -filter {name =~"APU*"}
loadhw -hw /home/rohitmathurs/workspace/design_1_wrapper/export/design_1_wrapper/hw/design_1_wrapper.xsa -mem-ranges [list {0x40000000 0xbfffffff}] -regs
configparams force-mem-access 1
targets -set -nocase -filter {name =~"APU*"}
source /home/rohitmathurs/workspace/application/_ide/psinit/ps7_init.tcl
ps7_init
ps7_post_config
targets -set -nocase -filter {name =~ "*A9*#0"}
dow /home/rohitmathurs/workspace/application/Debug/application.elf
configparams force-mem-access 0
----------------End of Script----------------

15:39:10 INFO  : Context for processor 'ps7_cortexa9_0' is selected.
15:39:10 INFO  : 'con' command is executed.
15:39:10 INFO  : ----------------XSDB Script (After Launch)----------------
targets -set -nocase -filter {name =~ "*A9*#0"}
con
----------------End of Script----------------

15:39:10 INFO  : Launch script is exported to file '/home/rohitmathurs/workspace/application_system/_ide/scripts/systemdebugger_application_system_standalone.tcl'
15:39:11 INFO  : Connected to target on host '127.0.0.1' and port '3121'.
15:39:11 INFO  : Jtag cable 'Xilinx TUL 1234-tulA' is selected.
15:39:11 INFO  : 'jtag frequency' command is executed.
15:39:11 INFO  : Context for 'APU' is selected.
15:39:11 INFO  : System reset is completed.
15:39:14 INFO  : 'after 3000' command is executed.
15:39:14 INFO  : 'targets -set -filter {jtag_cable_name =~ "Xilinx TUL 1234-tulA" && level==0 && jtag_device_ctx=="jsn-TUL-1234-tulA-23727093-0"}' command is executed.
15:39:16 INFO  : Device configured successfully with "/home/rohitmathurs/workspace/application/_ide/bitstream/design_1_wrapper.bit"
15:39:16 INFO  : Context for 'APU' is selected.
15:39:16 INFO  : Hardware design and registers information is loaded from '/home/rohitmathurs/workspace/design_1_wrapper/export/design_1_wrapper/hw/design_1_wrapper.xsa'.
15:39:16 INFO  : 'configparams force-mem-access 1' command is executed.
15:39:16 INFO  : Context for 'APU' is selected.
15:39:16 INFO  : Sourcing of '/home/rohitmathurs/workspace/application/_ide/psinit/ps7_init.tcl' is done.
15:39:17 INFO  : 'ps7_init' command is executed.
15:39:17 INFO  : 'ps7_post_config' command is executed.
15:39:17 INFO  : Context for processor 'ps7_cortexa9_0' is selected.
15:39:17 INFO  : The application '/home/rohitmathurs/workspace/application/Debug/application.elf' is downloaded to processor 'ps7_cortexa9_0'.
15:39:17 INFO  : 'configparams force-mem-access 0' command is executed.
15:39:17 INFO  : ----------------XSDB Script----------------
connect -url tcp:127.0.0.1:3121
targets -set -nocase -filter {name =~"APU*"}
rst -system
after 3000
targets -set -filter {jtag_cable_name =~ "Xilinx TUL 1234-tulA" && level==0 && jtag_device_ctx=="jsn-TUL-1234-tulA-23727093-0"}
fpga -file /home/rohitmathurs/workspace/application/_ide/bitstream/design_1_wrapper.bit
targets -set -nocase -filter {name =~"APU*"}
loadhw -hw /home/rohitmathurs/workspace/design_1_wrapper/export/design_1_wrapper/hw/design_1_wrapper.xsa -mem-ranges [list {0x40000000 0xbfffffff}] -regs
configparams force-mem-access 1
targets -set -nocase -filter {name =~"APU*"}
source /home/rohitmathurs/workspace/application/_ide/psinit/ps7_init.tcl
ps7_init
ps7_post_config
targets -set -nocase -filter {name =~ "*A9*#0"}
dow /home/rohitmathurs/workspace/application/Debug/application.elf
configparams force-mem-access 0
----------------End of Script----------------

15:39:17 INFO  : Context for processor 'ps7_cortexa9_0' is selected.
15:39:17 INFO  : 'con' command is executed.
15:39:17 INFO  : ----------------XSDB Script (After Launch)----------------
targets -set -nocase -filter {name =~ "*A9*#0"}
con
----------------End of Script----------------

15:39:17 INFO  : Launch script is exported to file '/home/rohitmathurs/workspace/application_system/_ide/scripts/systemdebugger_application_system_standalone.tcl'
15:40:18 INFO  : Disconnected from the channel tcfchan#10.
15:40:18 INFO  : Connected to target on host '127.0.0.1' and port '3121'.
15:40:18 INFO  : Jtag cable 'Xilinx TUL 1234-tulA' is selected.
15:40:18 INFO  : 'jtag frequency' command is executed.
15:40:18 INFO  : Context for 'APU' is selected.
15:40:18 INFO  : System reset is completed.
15:40:21 INFO  : 'after 3000' command is executed.
15:40:21 INFO  : 'targets -set -filter {jtag_cable_name =~ "Xilinx TUL 1234-tulA" && level==0 && jtag_device_ctx=="jsn-TUL-1234-tulA-23727093-0"}' command is executed.
15:40:24 INFO  : Device configured successfully with "/home/rohitmathurs/workspace/application/_ide/bitstream/design_1_wrapper.bit"
15:40:24 INFO  : Context for 'APU' is selected.
15:40:24 INFO  : Hardware design and registers information is loaded from '/home/rohitmathurs/workspace/design_1_wrapper/export/design_1_wrapper/hw/design_1_wrapper.xsa'.
15:40:24 INFO  : 'configparams force-mem-access 1' command is executed.
15:40:24 INFO  : Context for 'APU' is selected.
15:40:24 INFO  : Sourcing of '/home/rohitmathurs/workspace/application/_ide/psinit/ps7_init.tcl' is done.
15:40:24 INFO  : 'ps7_init' command is executed.
15:40:24 INFO  : 'ps7_post_config' command is executed.
15:40:24 INFO  : Context for processor 'ps7_cortexa9_0' is selected.
15:40:24 INFO  : The application '/home/rohitmathurs/workspace/application/Debug/application.elf' is downloaded to processor 'ps7_cortexa9_0'.
15:40:24 INFO  : 'configparams force-mem-access 0' command is executed.
15:40:24 INFO  : ----------------XSDB Script----------------
connect -url tcp:127.0.0.1:3121
targets -set -nocase -filter {name =~"APU*"}
rst -system
after 3000
targets -set -filter {jtag_cable_name =~ "Xilinx TUL 1234-tulA" && level==0 && jtag_device_ctx=="jsn-TUL-1234-tulA-23727093-0"}
fpga -file /home/rohitmathurs/workspace/application/_ide/bitstream/design_1_wrapper.bit
targets -set -nocase -filter {name =~"APU*"}
loadhw -hw /home/rohitmathurs/workspace/design_1_wrapper/export/design_1_wrapper/hw/design_1_wrapper.xsa -mem-ranges [list {0x40000000 0xbfffffff}] -regs
configparams force-mem-access 1
targets -set -nocase -filter {name =~"APU*"}
source /home/rohitmathurs/workspace/application/_ide/psinit/ps7_init.tcl
ps7_init
ps7_post_config
targets -set -nocase -filter {name =~ "*A9*#0"}
dow /home/rohitmathurs/workspace/application/Debug/application.elf
configparams force-mem-access 0
----------------End of Script----------------

15:40:24 INFO  : Context for processor 'ps7_cortexa9_0' is selected.
15:40:24 INFO  : 'con' command is executed.
15:40:24 INFO  : ----------------XSDB Script (After Launch)----------------
targets -set -nocase -filter {name =~ "*A9*#0"}
con
----------------End of Script----------------

15:40:24 INFO  : Launch script is exported to file '/home/rohitmathurs/workspace/application_system/_ide/scripts/systemdebugger_application_system_standalone.tcl'
15:50:21 INFO  : Checking for BSP changes to sync application flags for project 'application'...
15:53:03 INFO  : Disconnected from the channel tcfchan#11.
15:53:03 INFO  : Connected to target on host '127.0.0.1' and port '3121'.
15:53:04 INFO  : Jtag cable 'Xilinx TUL 1234-tulA' is selected.
15:53:04 INFO  : 'jtag frequency' command is executed.
15:53:04 INFO  : Context for 'APU' is selected.
15:53:04 INFO  : System reset is completed.
15:53:07 INFO  : 'after 3000' command is executed.
15:53:07 INFO  : 'targets -set -filter {jtag_cable_name =~ "Xilinx TUL 1234-tulA" && level==0 && jtag_device_ctx=="jsn-TUL-1234-tulA-23727093-0"}' command is executed.
15:53:09 INFO  : Device configured successfully with "/home/rohitmathurs/workspace/application/_ide/bitstream/design_1_wrapper.bit"
15:53:09 INFO  : Context for 'APU' is selected.
15:53:09 INFO  : Hardware design and registers information is loaded from '/home/rohitmathurs/workspace/design_1_wrapper/export/design_1_wrapper/hw/design_1_wrapper.xsa'.
15:53:09 INFO  : 'configparams force-mem-access 1' command is executed.
15:53:09 INFO  : Context for 'APU' is selected.
15:53:09 INFO  : Sourcing of '/home/rohitmathurs/workspace/application/_ide/psinit/ps7_init.tcl' is done.
15:53:10 INFO  : 'ps7_init' command is executed.
15:53:10 INFO  : 'ps7_post_config' command is executed.
15:53:10 INFO  : Context for processor 'ps7_cortexa9_0' is selected.
15:53:10 INFO  : The application '/home/rohitmathurs/workspace/application/Debug/application.elf' is downloaded to processor 'ps7_cortexa9_0'.
15:53:10 INFO  : 'configparams force-mem-access 0' command is executed.
15:53:10 INFO  : ----------------XSDB Script----------------
connect -url tcp:127.0.0.1:3121
targets -set -nocase -filter {name =~"APU*"}
rst -system
after 3000
targets -set -filter {jtag_cable_name =~ "Xilinx TUL 1234-tulA" && level==0 && jtag_device_ctx=="jsn-TUL-1234-tulA-23727093-0"}
fpga -file /home/rohitmathurs/workspace/application/_ide/bitstream/design_1_wrapper.bit
targets -set -nocase -filter {name =~"APU*"}
loadhw -hw /home/rohitmathurs/workspace/design_1_wrapper/export/design_1_wrapper/hw/design_1_wrapper.xsa -mem-ranges [list {0x40000000 0xbfffffff}] -regs
configparams force-mem-access 1
targets -set -nocase -filter {name =~"APU*"}
source /home/rohitmathurs/workspace/application/_ide/psinit/ps7_init.tcl
ps7_init
ps7_post_config
targets -set -nocase -filter {name =~ "*A9*#0"}
dow /home/rohitmathurs/workspace/application/Debug/application.elf
configparams force-mem-access 0
----------------End of Script----------------

15:53:10 INFO  : Context for processor 'ps7_cortexa9_0' is selected.
15:53:10 INFO  : 'con' command is executed.
15:53:10 INFO  : ----------------XSDB Script (After Launch)----------------
targets -set -nocase -filter {name =~ "*A9*#0"}
con
----------------End of Script----------------

15:53:10 INFO  : Launch script is exported to file '/home/rohitmathurs/workspace/application_system/_ide/scripts/systemdebugger_application_system_standalone.tcl'
16:06:43 INFO  : Checking for BSP changes to sync application flags for project 'application'...
16:06:50 INFO  : Disconnected from the channel tcfchan#12.
16:06:50 INFO  : Connected to target on host '127.0.0.1' and port '3121'.
16:06:51 INFO  : Jtag cable 'Xilinx TUL 1234-tulA' is selected.
16:06:51 INFO  : 'jtag frequency' command is executed.
16:06:51 INFO  : Context for 'APU' is selected.
16:06:51 INFO  : System reset is completed.
16:06:54 INFO  : 'after 3000' command is executed.
16:06:54 INFO  : 'targets -set -filter {jtag_cable_name =~ "Xilinx TUL 1234-tulA" && level==0 && jtag_device_ctx=="jsn-TUL-1234-tulA-23727093-0"}' command is executed.
16:06:56 INFO  : Device configured successfully with "/home/rohitmathurs/workspace/application/_ide/bitstream/design_1_wrapper.bit"
16:06:56 INFO  : Context for 'APU' is selected.
16:06:56 INFO  : Hardware design and registers information is loaded from '/home/rohitmathurs/workspace/design_1_wrapper/export/design_1_wrapper/hw/design_1_wrapper.xsa'.
16:06:56 INFO  : 'configparams force-mem-access 1' command is executed.
16:06:56 INFO  : Context for 'APU' is selected.
16:06:56 INFO  : Sourcing of '/home/rohitmathurs/workspace/application/_ide/psinit/ps7_init.tcl' is done.
16:06:56 INFO  : 'ps7_init' command is executed.
16:06:56 INFO  : 'ps7_post_config' command is executed.
16:06:56 INFO  : Context for processor 'ps7_cortexa9_0' is selected.
16:06:57 INFO  : The application '/home/rohitmathurs/workspace/application/Debug/application.elf' is downloaded to processor 'ps7_cortexa9_0'.
16:06:57 INFO  : 'configparams force-mem-access 0' command is executed.
16:06:57 INFO  : ----------------XSDB Script----------------
connect -url tcp:127.0.0.1:3121
targets -set -nocase -filter {name =~"APU*"}
rst -system
after 3000
targets -set -filter {jtag_cable_name =~ "Xilinx TUL 1234-tulA" && level==0 && jtag_device_ctx=="jsn-TUL-1234-tulA-23727093-0"}
fpga -file /home/rohitmathurs/workspace/application/_ide/bitstream/design_1_wrapper.bit
targets -set -nocase -filter {name =~"APU*"}
loadhw -hw /home/rohitmathurs/workspace/design_1_wrapper/export/design_1_wrapper/hw/design_1_wrapper.xsa -mem-ranges [list {0x40000000 0xbfffffff}] -regs
configparams force-mem-access 1
targets -set -nocase -filter {name =~"APU*"}
source /home/rohitmathurs/workspace/application/_ide/psinit/ps7_init.tcl
ps7_init
ps7_post_config
targets -set -nocase -filter {name =~ "*A9*#0"}
dow /home/rohitmathurs/workspace/application/Debug/application.elf
configparams force-mem-access 0
----------------End of Script----------------

16:06:57 INFO  : Context for processor 'ps7_cortexa9_0' is selected.
16:06:57 INFO  : 'con' command is executed.
16:06:57 INFO  : ----------------XSDB Script (After Launch)----------------
targets -set -nocase -filter {name =~ "*A9*#0"}
con
----------------End of Script----------------

16:06:57 INFO  : Launch script is exported to file '/home/rohitmathurs/workspace/application_system/_ide/scripts/systemdebugger_application_system_standalone.tcl'
16:19:13 INFO  : Disconnected from the channel tcfchan#13.
